<?xml version="1.0" encoding="utf-8"?><testsuites name="pytest tests"><testsuite name="pytest" errors="0" failures="1" skipped="0" tests="12" time="0.389" timestamp="2026-07-07T18:05:30.902919-05:00" hostname="ECE-TOUSI08"><testcase classname="tests.test_failure_report" name="test_failure_report_no_artifacts" time="0.008" /><testcase classname="tests.test_failure_report" name="test_failure_report_guided_state_failed" time="0.015" /><testcase classname="tests.test_failure_report" name="test_failure_report_direct_state_arg" time="0.013" /><testcase classname="tests.test_failure_report" name="test_failure_report_run_failed" time="0.003" /><testcase classname="tests.test_failure_report" name="test_failure_report_dirty_session" time="0.003" /><testcase classname="tests.test_failure_report" name="test_failure_report_orphan_manifest" time="0.003" /><testcase classname="tests.test_failure_report" name="test_cli_json_output" time="0.023" /><testcase classname="tests.test_failure_report" name="test_cli_text_output" time="0.027" /><testcase classname="tests.test_failure_report" name="test_semantic_dry_run_bug" time="0.013" /><testcase classname="tests.test_failure_report" name="test_hardware_likely_touched" time="0.007"><failure message="AssertionError: assert False is True&#10; +  where False = &lt;function _check_hardware_touched at 0x0000021AA2659A80&gt;(WindowsPath('C:/Users/khams008/AppData/Local/Temp/pytest-of-khams008/pytest-122/test_hardware_likely_touched0'), 'hwfw')">tmp_path = WindowsPath('C:/Users/khams008/AppData/Local/Temp/pytest-of-khams008/pytest-122/test_hardware_likely_touched0')

    def test_hardware_likely_touched(tmp_path):
        from awr2944_dca.mmws.failure_report import _check_hardware_touched
    
        # 1. No run_id
        assert _check_hardware_touched(tmp_path, "") is False
    
        # 2. run_id but no progress file
        assert _check_hardware_touched(tmp_path, "norun") == "unknown"
    
        # 3. progress file exists but no hardware commands
        (tmp_path / "safefw_1_progress.jsonl").write_text(json.dumps({"command": "WriteToLog"}))
        assert _check_hardware_touched(tmp_path, "safefw") is False
    
        # 4. progress file exists and has hardware commands
        lines = [
            json.dumps({"command": "WriteToLog"}),
            json.dumps({"command": "PowerOn"})
        ]
        (tmp_path / "hwfw_1_progress.jsonl").write_text("\n".join(lines))
&gt;       assert _check_hardware_touched(tmp_path, "hwfw") is True
E       AssertionError: assert False is True
E        +  where False = &lt;function _check_hardware_touched at 0x0000021AA2659A80&gt;(WindowsPath('C:/Users/khams008/AppData/Local/Temp/pytest-of-khams008/pytest-122/test_hardware_likely_touched0'), 'hwfw')

tests\test_failure_report.py:151: AssertionError</failure></testcase><testcase classname="tests.test_failure_report" name="test_failure_report_old_mismatch" time="0.018" /><testcase classname="tests.test_failure_report" name="test_failure_report_new_summary_bug" time="0.016" /></testsuite></testsuites>