<?xml version="1.0" encoding="utf-8"?><testsuites name="pytest tests"><testsuite name="pytest" errors="0" failures="1" skipped="0" tests="1" time="0.237" timestamp="2026-07-07T18:01:34.985271-05:00" hostname="ECE-TOUSI08"><testcase classname="tests.test_failure_report" name="test_failure_report_new_summary_bug" time="0.025"><failure message="AssertionError: assert 'unknown' is True&#10; +  where 'unknown' = FailureReport(detected_failure_type='guided_summary_failed', primary_artifact='C:\\Users\\khams008\\AppData\\Local\\Te...record-validation after fixing CLI OptionInfo leak; do not rerun firmware/config blindly.', power_cycle_required=False).hardware_likely_touched">tmp_path = WindowsPath('C:/Users/khams008/AppData/Local/Temp/pytest-of-khams008/pytest-113/test_failure_report_new_summar0')

    def test_failure_report_new_summary_bug(tmp_path):
        from awr2944_dca.mmws.failure_report import generate_failure_report
        import json
    
        fw_id = "fwsym"
        cfg_id = "cfgsym"
    
        # Write progress JSONL (touched hardware)
        prog_path = tmp_path / f"{fw_id}_firmware_power_progress.jsonl"
        prog_path.write_text(json.dumps({"cmd": "PowerOn", "ret": 0, "ok": True}) + "\n", encoding="utf-8")
    
        # Write state JSON (failed at summarize_session with OptionInfo error)
        state_path = tmp_path / f"guided_newsummary_state.json"
        from awr2944_dca.mmws.guided_runner import GuidedWorkflowState
        state = GuidedWorkflowState(
            workflow_id="newsummary",
            label="test",
            pid=None,
            state_path=str(state_path),
            current_stage="failed",
            firmware_run_id=fw_id,
            config_run_id=cfg_id
        )
        state.errors.append("session_summarized failed: argument should be a str or an os.PathLike object where __fspath__ returns a str, not 'OptionInfo'")
        state.save()
    
        report = generate_failure_report(state_path=str(state_path), probe_dir_override=str(tmp_path))
    
        assert report.detected_failure_type == "guided_summary_failed"
&gt;       assert report.hardware_likely_touched is True
E       AssertionError: assert 'unknown' is True
E        +  where 'unknown' = FailureReport(detected_failure_type='guided_summary_failed', primary_artifact='C:\\Users\\khams008\\AppData\\Local\\Te...record-validation after fixing CLI OptionInfo leak; do not rerun firmware/config blindly.', power_cycle_required=False).hardware_likely_touched

tests\test_failure_report.py:219: AssertionError</failure></testcase></testsuite></testsuites>