<?xml version="1.0" encoding="utf-8"?><testsuites name="pytest tests"><testsuite name="pytest" errors="0" failures="2" skipped="0" tests="2" time="0.312" timestamp="2026-07-07T18:03:14.756166-05:00" hostname="ECE-TOUSI08"><testcase classname="tests.test_guided_runner" name="test_resume_from_firmware_script_generated" time="0.025"><failure message="SystemExit: 1">state = GuidedWorkflowState(workflow_id='123', label='test', pid=None, state_path='C:\\Users\\khams008\\AppData\\Local\\Temp\\...d argument 'probe_dir'"], created_at='2026-07-07T23:03:14.896041+00:00', updated_at='2026-07-07T23:03:14.912348+00:00')
stage_name = 'firmware_validated'
fn = &lt;function step_watch_firmware at 0x000001D8FABC4CC0&gt;
args = (GuidedWorkflowState(workflow_id='123', label='test', pid=None, state_path='C:\\Users\\khams008\\AppData\\Local\\Temp\...180, WindowsPath('C:/Users/khams008/AppData/Local/Temp/pytest-of-khams008/pytest-117/test_resume_from_firmware_scri0'))
kwargs = {}

    def run_stage(state: GuidedWorkflowState, stage_name: str, fn, *args, **kwargs):
        """Run a stage, and if it fails, mark state as failed and exit."""
        try:
&gt;           res = fn(*args, **kwargs)
                  ^^^^^^^^^^^^^^^^^^^

src\awr2944_dca\mmws\guided_runner.py:88: 
_ _ _ _ _ _ _ _ _ _ _ _ _ _ _ _ _ _ _ _ _ _ _ _ _ _ _ _ _ _ _ _ _ _ _ _ _ _ _ _

state = GuidedWorkflowState(workflow_id='123', label='test', pid=None, state_path='C:\\Users\\khams008\\AppData\\Local\\Temp\\...d argument 'probe_dir'"], created_at='2026-07-07T23:03:14.896041+00:00', updated_at='2026-07-07T23:03:14.912348+00:00')
dry_run = False, timeout = 180
probe_dir = WindowsPath('C:/Users/khams008/AppData/Local/Temp/pytest-of-khams008/pytest-117/test_resume_from_firmware_scri0')

    def step_watch_firmware(state: GuidedWorkflowState, dry_run: bool, timeout: int, probe_dir: Path):
        if dry_run:
            console.print("[yellow]DRY-RUN: Would wait for firmware script to finish[/yellow]")
            return
    
        console.print(f"\n[bold]Paste this into mmWave Studio Lua Shell:[/bold]")
        console.print(f"[green]{state.firmware_dofile}[/green]\n")
    
&gt;       ok = watch_run_sync(state.firmware_run_id, timeout, probe_dir=probe_dir)
             ^^^^^^^^^^^^^^^^^^^^^^^^^^^^^^^^^^^^^^^^^^^^^^^^^^^^^^^^^^^^^^^^^^^
E       TypeError: test_resume_from_firmware_script_generated.&lt;locals&gt;.fake_watch_run_sync() got an unexpected keyword argument 'probe_dir'

src\awr2944_dca\mmws\guided_runner.py:214: TypeError

During handling of the above exception, another exception occurred:

tmp_path = WindowsPath('C:/Users/khams008/AppData/Local/Temp/pytest-of-khams008/pytest-117/test_resume_from_firmware_scri0')
monkeypatch = &lt;_pytest.monkeypatch.MonkeyPatch object at 0x000001D8FABA3FB0&gt;

    def test_resume_from_firmware_script_generated(tmp_path, monkeypatch):
        import awr2944_dca.mmws.guided_runner as gr
    
        state_path = tmp_path / "guided_123_state.json"
        state = GuidedWorkflowState(
            workflow_id="123",
            label="test",
            pid=None,
            state_path=str(state_path),
            current_stage="firmware_script_generated",
            firmware_run_id="fw_id_123",
            firmware_dofile="dofile([[test.lua]])"
        )
        state.save()
    
        monkeypatch.setattr(gr, "_lua_launch_probe_dir", lambda override=None: tmp_path)
    
        stages_hit = []
        def fake_watch_run_sync(run_id, timeout):
            stages_hit.append("watch_run_" + run_id)
            return True
    
        monkeypatch.setattr(gr, "watch_run_sync", fake_watch_run_sync)
        monkeypatch.setattr(gr, "attach_mmwave_studio", lambda *a, **kw: (None, None))
        monkeypatch.setattr(gr, "connection_gate", lambda *a, **kw: {"gate_passed": True})
        monkeypatch.setattr(gr, "dump_output_snapshot", lambda *a, **kw: None)
    
        def fake_audit(*args, **kwargs):
            from awr2944_dca.mmws.post_connect import SessionAudit
            return SessionAudit(requires_power_cycle=False, rs232_valid=True)
        monkeypatch.setattr(gr, "audit_session", fake_audit)
    
        monkeypatch.setattr(gr, "preflight_config", lambda *a, **kw: (True, []))
    
        def fake_generate_cfg(state_obj, dry_run):
            stages_hit.append("generate_config")
            state_obj.config_run_id = "cfg_id_123"
    
        monkeypatch.setattr(gr, "step_generate_config", fake_generate_cfg)
        monkeypatch.setattr(gr, "summarize_session_sync", lambda *a, **kw: True)
        monkeypatch.setattr(gr, "record_validation_sync", lambda *a, **kw: True)
    
&gt;       gr.resume_guided_workflow(str(state_path))

tests\test_guided_runner.py:168: 
_ _ _ _ _ _ _ _ _ _ _ _ _ _ _ _ _ _ _ _ _ _ _ _ _ _ _ _ _ _ _ _ _ _ _ _ _ _ _ _
src\awr2944_dca\mmws\guided_runner.py:397: in resume_guided_workflow
    run_stage(state, "firmware_validated", step_watch_firmware, state, False, timeout_firmware, probe_dir_path)
_ _ _ _ _ _ _ _ _ _ _ _ _ _ _ _ _ _ _ _ _ _ _ _ _ _ _ _ _ _ _ _ _ _ _ _ _ _ _ _

state = GuidedWorkflowState(workflow_id='123', label='test', pid=None, state_path='C:\\Users\\khams008\\AppData\\Local\\Temp\\...d argument 'probe_dir'"], created_at='2026-07-07T23:03:14.896041+00:00', updated_at='2026-07-07T23:03:14.912348+00:00')
stage_name = 'firmware_validated'
fn = &lt;function step_watch_firmware at 0x000001D8FABC4CC0&gt;
args = (GuidedWorkflowState(workflow_id='123', label='test', pid=None, state_path='C:\\Users\\khams008\\AppData\\Local\\Temp\...180, WindowsPath('C:/Users/khams008/AppData/Local/Temp/pytest-of-khams008/pytest-117/test_resume_from_firmware_scri0'))
kwargs = {}

    def run_stage(state: GuidedWorkflowState, stage_name: str, fn, *args, **kwargs):
        """Run a stage, and if it fails, mark state as failed and exit."""
        try:
            res = fn(*args, **kwargs)
            state.current_stage = stage_name
            state.save()
            return res
        except Exception as e:
            state.current_stage = "failed"
            state.errors.append(f"{stage_name} failed: {e}")
            state.save()
            console.print(f"[red]Workflow failed at {stage_name}: {e}[/red]")
&gt;           sys.exit(1)
E           SystemExit: 1

src\awr2944_dca\mmws\guided_runner.py:97: SystemExit</failure></testcase><testcase classname="tests.test_guided_runner" name="test_resume_records_validation" time="0.017"><failure message="SystemExit: 1">state = GuidedWorkflowState(workflow_id='123', label='test', pid=None, state_path='C:\\Users\\khams008\\AppData\\Local\\Temp\\...ments but 4 were given'], created_at='2026-07-07T23:03:15.031360+00:00', updated_at='2026-07-07T23:03:15.043848+00:00')
stage_name = 'validation_recorded'
fn = &lt;function step_record at 0x000001D8FABC4FE0&gt;
args = (GuidedWorkflowState(workflow_id='123', label='test', pid=None, state_path='C:\\Users\\khams008\\AppData\\Local\\Temp\...t 4 were given'], created_at='2026-07-07T23:03:15.031360+00:00', updated_at='2026-07-07T23:03:15.043848+00:00'), False)
kwargs = {}

    def run_stage(state: GuidedWorkflowState, stage_name: str, fn, *args, **kwargs):
        """Run a stage, and if it fails, mark state as failed and exit."""
        try:
&gt;           res = fn(*args, **kwargs)
                  ^^^^^^^^^^^^^^^^^^^

src\awr2944_dca\mmws\guided_runner.py:88: 
_ _ _ _ _ _ _ _ _ _ _ _ _ _ _ _ _ _ _ _ _ _ _ _ _ _ _ _ _ _ _ _ _ _ _ _ _ _ _ _

state = GuidedWorkflowState(workflow_id='123', label='test', pid=None, state_path='C:\\Users\\khams008\\AppData\\Local\\Temp\\...ments but 4 were given'], created_at='2026-07-07T23:03:15.031360+00:00', updated_at='2026-07-07T23:03:15.043848+00:00')
dry_run = False

    def step_record(state: GuidedWorkflowState, dry_run: bool):
        if dry_run:
            console.print("[yellow]DRY-RUN: Would record validation[/yellow]")
            return
    
        console.print("[cyan]Running record-validation...[/cyan]")
        probe_dir = str(Path(state.state_path).parent) if state.state_path else None
&gt;       ok = record_validation_sync(state.firmware_run_id, state.config_run_id, state.label, probe_dir)
             ^^^^^^^^^^^^^^^^^^^^^^^^^^^^^^^^^^^^^^^^^^^^^^^^^^^^^^^^^^^^^^^^^^^^^^^^^^^^^^^^^^^^^^^^^^
E       TypeError: test_resume_records_validation.&lt;locals&gt;.fake_record() takes 3 positional arguments but 4 were given

src\awr2944_dca\mmws\guided_runner.py:300: TypeError

During handling of the above exception, another exception occurred:

tmp_path = WindowsPath('C:/Users/khams008/AppData/Local/Temp/pytest-of-khams008/pytest-117/test_resume_records_validation0')
monkeypatch = &lt;_pytest.monkeypatch.MonkeyPatch object at 0x000001D8FABDF350&gt;

    def test_resume_records_validation(tmp_path, monkeypatch):
        import awr2944_dca.mmws.guided_runner as gr
    
        state_path = tmp_path / "guided_123_state.json"
        state = GuidedWorkflowState(
            workflow_id="123",
            label="test",
            pid=None,
            state_path=str(state_path),
            current_stage="config_validated",
            firmware_run_id="fw",
            config_run_id="cfg"
        )
        state.save()
    
        monkeypatch.setattr(gr, "_lua_launch_probe_dir", lambda override=None: tmp_path)
        monkeypatch.setattr(gr, "summarize_session_sync", lambda *a, **kw: True)
    
        recorded = []
        def fake_record(fw, cfg, label):
            recorded.append((fw, cfg, label))
            return True
    
        monkeypatch.setattr(gr, "record_validation_sync", fake_record)
    
&gt;       gr.resume_guided_workflow(str(state_path))

tests\test_guided_runner.py:202: 
_ _ _ _ _ _ _ _ _ _ _ _ _ _ _ _ _ _ _ _ _ _ _ _ _ _ _ _ _ _ _ _ _ _ _ _ _ _ _ _
src\awr2944_dca\mmws\guided_runner.py:423: in resume_guided_workflow
    run_stage(state, "validation_recorded", step_record, state, False)
_ _ _ _ _ _ _ _ _ _ _ _ _ _ _ _ _ _ _ _ _ _ _ _ _ _ _ _ _ _ _ _ _ _ _ _ _ _ _ _

state = GuidedWorkflowState(workflow_id='123', label='test', pid=None, state_path='C:\\Users\\khams008\\AppData\\Local\\Temp\\...ments but 4 were given'], created_at='2026-07-07T23:03:15.031360+00:00', updated_at='2026-07-07T23:03:15.043848+00:00')
stage_name = 'validation_recorded'
fn = &lt;function step_record at 0x000001D8FABC4FE0&gt;
args = (GuidedWorkflowState(workflow_id='123', label='test', pid=None, state_path='C:\\Users\\khams008\\AppData\\Local\\Temp\...t 4 were given'], created_at='2026-07-07T23:03:15.031360+00:00', updated_at='2026-07-07T23:03:15.043848+00:00'), False)
kwargs = {}

    def run_stage(state: GuidedWorkflowState, stage_name: str, fn, *args, **kwargs):
        """Run a stage, and if it fails, mark state as failed and exit."""
        try:
            res = fn(*args, **kwargs)
            state.current_stage = stage_name
            state.save()
            return res
        except Exception as e:
            state.current_stage = "failed"
            state.errors.append(f"{stage_name} failed: {e}")
            state.save()
            console.print(f"[red]Workflow failed at {stage_name}: {e}[/red]")
&gt;           sys.exit(1)
E           SystemExit: 1

src\awr2944_dca\mmws\guided_runner.py:97: SystemExit</failure></testcase></testsuite></testsuites>